<?xml version="1.0" encoding="UTF-8"?>
<testsuite name="lab_1.MontgomeryReducerTest" tests="2" skipped="0" failures="0" errors="0" timestamp="2020-06-06T08:03:25" hostname="i516739" time="1.652">
  <properties/>
  <testcase name="testPow" classname="lab_1.MontgomeryReducerTest" time="1.08"/>
  <testcase name="testMultiply" classname="lab_1.MontgomeryReducerTest" time="0.572"/>
  <system-out><![CDATA[]]></system-out>
  <system-err><![CDATA[]]></system-err>
</testsuite>
