<?xml version="1.0" encoding="UTF-8"?>
<testsuite name="lab_1.ModularExponentiationTest" tests="1" skipped="0" failures="0" errors="0" timestamp="2020-06-06T08:03:28" hostname="i516739" time="0.176">
  <properties/>
  <testcase name="testPowerModule" classname="lab_1.ModularExponentiationTest" time="0.176"/>
  <system-out><![CDATA[]]></system-out>
  <system-err><![CDATA[]]></system-err>
</testsuite>
