<?xml version="1.0" encoding="UTF-8"?>
<testsuite name="lab_1.KaratsubaMultiplicationTest" tests="1" skipped="0" failures="0" errors="0" timestamp="2020-06-06T08:03:21" hostname="i516739" time="3.534">
  <properties/>
  <testcase name="testMultiply" classname="lab_1.KaratsubaMultiplicationTest" time="3.534"/>
  <system-out><![CDATA[]]></system-out>
  <system-err><![CDATA[]]></system-err>
</testsuite>
